{"/Users/user/htdocs/mohwa/seogi/src/index.js": {"path":"/Users/user/htdocs/mohwa/seogi/src/index.js","statementMap":{"0":{"start":{"line":16,"column":22},"end":{"line":18,"column":1}},"1":{"start":{"line":20,"column":0},"end":{"line":22,"column":1}},"2":{"start":{"line":21,"column":2},"end":{"line":21,"column":18}},"3":{"start":{"line":24,"column":0},"end":{"line":30,"column":1}},"4":{"start":{"line":25,"column":18},"end":{"line":25,"column":67}},"5":{"start":{"line":27,"column":2},"end":{"line":29,"column":30}},"6":{"start":{"line":28,"column":4},"end":{"line":28,"column":48}},"7":{"start":{"line":33,"column":2},"end":{"line":33,"column":41}},"8":{"start":{"line":37,"column":2},"end":{"line":48,"column":5}},"9":{"start":{"line":38,"column":4},"end":{"line":47,"column":5}},"10":{"start":{"line":40,"column":8},"end":{"line":40,"column":13}},"11":{"start":{"line":41,"column":8},"end":{"line":41,"column":14}},"12":{"start":{"line":44,"column":8},"end":{"line":44,"column":16}},"13":{"start":{"line":45,"column":8},"end":{"line":45,"column":14}},"14":{"start":{"line":60,"column":13},"end":{"line":60,"column":16}},"15":{"start":{"line":61,"column":15},"end":{"line":61,"column":17}},"16":{"start":{"line":63,"column":2},"end":{"line":65,"column":3}},"17":{"start":{"line":64,"column":4},"end":{"line":64,"column":25}},"18":{"start":{"line":67,"column":2},"end":{"line":126,"column":3}},"19":{"start":{"line":69,"column":6},"end":{"line":80,"column":7}},"20":{"start":{"line":70,"column":8},"end":{"line":73,"column":9}},"21":{"start":{"line":71,"column":10},"end":{"line":71,"column":29}},"22":{"start":{"line":72,"column":10},"end":{"line":72,"column":41}},"23":{"start":{"line":75,"column":24},"end":{"line":75,"column":50}},"24":{"start":{"line":77,"column":8},"end":{"line":79,"column":9}},"25":{"start":{"line":78,"column":10},"end":{"line":78,"column":31}},"26":{"start":{"line":81,"column":6},"end":{"line":81,"column":12}},"27":{"start":{"line":84,"column":6},"end":{"line":123,"column":7}},"28":{"start":{"line":85,"column":8},"end":{"line":103,"column":9}},"29":{"start":{"line":86,"column":10},"end":{"line":91,"column":23}},"30":{"start":{"line":88,"column":14},"end":{"line":88,"column":34}},"31":{"start":{"line":89,"column":14},"end":{"line":89,"column":25}},"32":{"start":{"line":93,"column":10},"end":{"line":102,"column":17}},"33":{"start":{"line":94,"column":27},"end":{"line":94,"column":35}},"34":{"start":{"line":96,"column":12},"end":{"line":100,"column":13}},"35":{"start":{"line":97,"column":14},"end":{"line":97,"column":45}},"36":{"start":{"line":99,"column":14},"end":{"line":99,"column":27}},"37":{"start":{"line":101,"column":12},"end":{"line":101,"column":23}},"38":{"start":{"line":105,"column":8},"end":{"line":122,"column":21}},"39":{"start":{"line":107,"column":27},"end":{"line":107,"column":35}},"40":{"start":{"line":111,"column":12},"end":{"line":113,"column":13}},"41":{"start":{"line":112,"column":14},"end":{"line":112,"column":52}},"42":{"start":{"line":115,"column":12},"end":{"line":119,"column":13}},"43":{"start":{"line":116,"column":14},"end":{"line":116,"column":36}},"44":{"start":{"line":118,"column":14},"end":{"line":118,"column":27}},"45":{"start":{"line":120,"column":12},"end":{"line":120,"column":23}},"46":{"start":{"line":124,"column":6},"end":{"line":124,"column":12}},"47":{"start":{"line":127,"column":2},"end":{"line":127,"column":27}},"48":{"start":{"line":138,"column":2},"end":{"line":138,"column":42}},"49":{"start":{"line":149,"column":2},"end":{"line":149,"column":44}},"50":{"start":{"line":160,"column":2},"end":{"line":160,"column":43}},"51":{"start":{"line":171,"column":2},"end":{"line":171,"column":43}},"52":{"start":{"line":183,"column":2},"end":{"line":187,"column":3}},"53":{"start":{"line":184,"column":4},"end":{"line":184,"column":13}},"54":{"start":{"line":186,"column":4},"end":{"line":186,"column":46}},"55":{"start":{"line":198,"column":2},"end":{"line":202,"column":3}},"56":{"start":{"line":199,"column":4},"end":{"line":199,"column":27}},"57":{"start":{"line":201,"column":4},"end":{"line":201,"column":19}},"58":{"start":{"line":214,"column":2},"end":{"line":218,"column":3}},"59":{"start":{"line":215,"column":4},"end":{"line":215,"column":37}},"60":{"start":{"line":215,"column":21},"end":{"line":215,"column":37}},"61":{"start":{"line":217,"column":4},"end":{"line":217,"column":35}},"62":{"start":{"line":217,"column":19},"end":{"line":217,"column":35}},"63":{"start":{"line":228,"column":2},"end":{"line":232,"column":3}},"64":{"start":{"line":229,"column":4},"end":{"line":229,"column":11}},"65":{"start":{"line":231,"column":4},"end":{"line":231,"column":21}},"66":{"start":{"line":245,"column":2},"end":{"line":249,"column":3}},"67":{"start":{"line":246,"column":4},"end":{"line":246,"column":48}},"68":{"start":{"line":247,"column":4},"end":{"line":247,"column":14}},"69":{"start":{"line":248,"column":4},"end":{"line":248,"column":23}},"70":{"start":{"line":262,"column":2},"end":{"line":266,"column":3}},"71":{"start":{"line":263,"column":4},"end":{"line":263,"column":57}},"72":{"start":{"line":264,"column":4},"end":{"line":264,"column":14}},"73":{"start":{"line":265,"column":4},"end":{"line":265,"column":23}},"74":{"start":{"line":280,"column":2},"end":{"line":280,"column":52}},"75":{"start":{"line":280,"column":15},"end":{"line":280,"column":30}},"76":{"start":{"line":293,"column":2},"end":{"line":293,"column":45}},"77":{"start":{"line":293,"column":15},"end":{"line":293,"column":23}},"78":{"start":{"line":306,"column":2},"end":{"line":306,"column":43}},"79":{"start":{"line":306,"column":15},"end":{"line":306,"column":21}},"80":{"start":{"line":320,"column":2},"end":{"line":320,"column":61}},"81":{"start":{"line":320,"column":24},"end":{"line":320,"column":39}},"82":{"start":{"line":333,"column":2},"end":{"line":333,"column":54}},"83":{"start":{"line":333,"column":24},"end":{"line":333,"column":32}},"84":{"start":{"line":346,"column":2},"end":{"line":346,"column":52}},"85":{"start":{"line":346,"column":24},"end":{"line":346,"column":30}},"86":{"start":{"line":362,"column":2},"end":{"line":368,"column":3}},"87":{"start":{"line":363,"column":4},"end":{"line":367,"column":34}},"88":{"start":{"line":365,"column":8},"end":{"line":365,"column":26}},"89":{"start":{"line":367,"column":18},"end":{"line":367,"column":32}}},"fnMap":{"0":{"name":"(anonymous_0)","decl":{"start":{"line":27,"column":18},"end":{"line":27,"column":19}},"loc":{"start":{"line":27,"column":30},"end":{"line":29,"column":3}},"line":27},"1":{"name":"hasConsoleLogObject","decl":{"start":{"line":32,"column":9},"end":{"line":32,"column":28}},"loc":{"start":{"line":32,"column":31},"end":{"line":34,"column":1}},"line":32},"2":{"name":"report","decl":{"start":{"line":36,"column":9},"end":{"line":36,"column":15}},"loc":{"start":{"line":36,"column":24},"end":{"line":49,"column":1}},"line":36},"3":{"name":"(anonymous_3)","decl":{"start":{"line":37,"column":12},"end":{"line":37,"column":13}},"loc":{"start":{"line":37,"column":18},"end":{"line":48,"column":3}},"line":37},"4":{"name":"getStyleMsg","decl":{"start":{"line":59,"column":16},"end":{"line":59,"column":27}},"loc":{"start":{"line":59,"column":40},"end":{"line":128,"column":1}},"line":59},"5":{"name":"(anonymous_5)","decl":{"start":{"line":87,"column":20},"end":{"line":87,"column":21}},"loc":{"start":{"line":87,"column":33},"end":{"line":90,"column":13}},"line":87},"6":{"name":"(anonymous_6)","decl":{"start":{"line":93,"column":30},"end":{"line":93,"column":31}},"loc":{"start":{"line":93,"column":46},"end":{"line":102,"column":11}},"line":93},"7":{"name":"(anonymous_7)","decl":{"start":{"line":106,"column":18},"end":{"line":106,"column":19}},"loc":{"start":{"line":106,"column":34},"end":{"line":121,"column":11}},"line":106},"8":{"name":"log","decl":{"start":{"line":137,"column":16},"end":{"line":137,"column":19}},"loc":{"start":{"line":137,"column":32},"end":{"line":139,"column":1}},"line":137},"9":{"name":"error","decl":{"start":{"line":148,"column":16},"end":{"line":148,"column":21}},"loc":{"start":{"line":148,"column":34},"end":{"line":150,"column":1}},"line":148},"10":{"name":"warn","decl":{"start":{"line":159,"column":16},"end":{"line":159,"column":20}},"loc":{"start":{"line":159,"column":33},"end":{"line":161,"column":1}},"line":159},"11":{"name":"info","decl":{"start":{"line":170,"column":16},"end":{"line":170,"column":20}},"loc":{"start":{"line":170,"column":33},"end":{"line":172,"column":1}},"line":170},"12":{"name":"debug","decl":{"start":{"line":182,"column":16},"end":{"line":182,"column":21}},"loc":{"start":{"line":182,"column":34},"end":{"line":188,"column":1}},"line":182},"13":{"name":"dir","decl":{"start":{"line":197,"column":16},"end":{"line":197,"column":19}},"loc":{"start":{"line":197,"column":23},"end":{"line":203,"column":1}},"line":197},"14":{"name":"assert","decl":{"start":{"line":213,"column":16},"end":{"line":213,"column":22}},"loc":{"start":{"line":213,"column":46},"end":{"line":219,"column":1}},"line":213},"15":{"name":"table","decl":{"start":{"line":227,"column":16},"end":{"line":227,"column":21}},"loc":{"start":{"line":227,"column":25},"end":{"line":233,"column":1}},"line":227},"16":{"name":"group","decl":{"start":{"line":244,"column":16},"end":{"line":244,"column":21}},"loc":{"start":{"line":244,"column":66},"end":{"line":250,"column":1}},"line":244},"17":{"name":"groupCollapsed","decl":{"start":{"line":261,"column":16},"end":{"line":261,"column":30}},"loc":{"start":{"line":261,"column":75},"end":{"line":267,"column":1}},"line":261},"18":{"name":"groupLog","decl":{"start":{"line":279,"column":16},"end":{"line":279,"column":24}},"loc":{"start":{"line":279,"column":56},"end":{"line":281,"column":1}},"line":279},"19":{"name":"(anonymous_19)","decl":{"start":{"line":280,"column":9},"end":{"line":280,"column":10}},"loc":{"start":{"line":280,"column":15},"end":{"line":280,"column":30}},"line":280},"20":{"name":"groupTable","decl":{"start":{"line":292,"column":16},"end":{"line":292,"column":26}},"loc":{"start":{"line":292,"column":49},"end":{"line":294,"column":1}},"line":292},"21":{"name":"(anonymous_21)","decl":{"start":{"line":293,"column":9},"end":{"line":293,"column":10}},"loc":{"start":{"line":293,"column":15},"end":{"line":293,"column":23}},"line":293},"22":{"name":"groupDir","decl":{"start":{"line":305,"column":16},"end":{"line":305,"column":24}},"loc":{"start":{"line":305,"column":47},"end":{"line":307,"column":1}},"line":305},"23":{"name":"(anonymous_23)","decl":{"start":{"line":306,"column":9},"end":{"line":306,"column":10}},"loc":{"start":{"line":306,"column":15},"end":{"line":306,"column":21}},"line":306},"24":{"name":"groupCollapsedLog","decl":{"start":{"line":319,"column":16},"end":{"line":319,"column":33}},"loc":{"start":{"line":319,"column":65},"end":{"line":321,"column":1}},"line":319},"25":{"name":"(anonymous_25)","decl":{"start":{"line":320,"column":18},"end":{"line":320,"column":19}},"loc":{"start":{"line":320,"column":24},"end":{"line":320,"column":39}},"line":320},"26":{"name":"groupCollapsedTable","decl":{"start":{"line":332,"column":16},"end":{"line":332,"column":35}},"loc":{"start":{"line":332,"column":58},"end":{"line":334,"column":1}},"line":332},"27":{"name":"(anonymous_27)","decl":{"start":{"line":333,"column":18},"end":{"line":333,"column":19}},"loc":{"start":{"line":333,"column":24},"end":{"line":333,"column":32}},"line":333},"28":{"name":"groupCollapsedDir","decl":{"start":{"line":345,"column":16},"end":{"line":345,"column":33}},"loc":{"start":{"line":345,"column":56},"end":{"line":347,"column":1}},"line":345},"29":{"name":"(anonymous_29)","decl":{"start":{"line":346,"column":18},"end":{"line":346,"column":19}},"loc":{"start":{"line":346,"column":24},"end":{"line":346,"column":30}},"line":346},"30":{"name":"image","decl":{"start":{"line":361,"column":16},"end":{"line":361,"column":21}},"loc":{"start":{"line":361,"column":33},"end":{"line":369,"column":1}},"line":361},"31":{"name":"(anonymous_31)","decl":{"start":{"line":364,"column":12},"end":{"line":364,"column":13}},"loc":{"start":{"line":364,"column":17},"end":{"line":366,"column":7}},"line":364},"32":{"name":"(anonymous_32)","decl":{"start":{"line":367,"column":13},"end":{"line":367,"column":14}},"loc":{"start":{"line":367,"column":18},"end":{"line":367,"column":32}},"line":367}},"branchMap":{"0":{"loc":{"start":{"line":20,"column":0},"end":{"line":22,"column":1}},"type":"if","locations":[{"start":{"line":20,"column":0},"end":{"line":22,"column":1}},{"start":{"line":20,"column":0},"end":{"line":22,"column":1}}],"line":20},"1":{"loc":{"start":{"line":24,"column":0},"end":{"line":30,"column":1}},"type":"if","locations":[{"start":{"line":24,"column":0},"end":{"line":30,"column":1}},{"start":{"line":24,"column":0},"end":{"line":30,"column":1}}],"line":24},"2":{"loc":{"start":{"line":24,"column":4},"end":{"line":24,"column":85}},"type":"binary-expr","locations":[{"start":{"line":24,"column":4},"end":{"line":24,"column":15}},{"start":{"line":24,"column":19},"end":{"line":24,"column":33}},{"start":{"line":24,"column":37},"end":{"line":24,"column":58}},{"start":{"line":24,"column":62},"end":{"line":24,"column":85}}],"line":24},"3":{"loc":{"start":{"line":36,"column":16},"end":{"line":36,"column":22}},"type":"default-arg","locations":[{"start":{"line":36,"column":20},"end":{"line":36,"column":22}}],"line":36},"4":{"loc":{"start":{"line":38,"column":4},"end":{"line":47,"column":5}},"type":"switch","locations":[{"start":{"line":39,"column":6},"end":{"line":42,"column":7}},{"start":{"line":43,"column":6},"end":{"line":46,"column":7}}],"line":38},"5":{"loc":{"start":{"line":63,"column":2},"end":{"line":65,"column":3}},"type":"if","locations":[{"start":{"line":63,"column":2},"end":{"line":65,"column":3}},{"start":{"line":63,"column":2},"end":{"line":65,"column":3}}],"line":63},"6":{"loc":{"start":{"line":67,"column":2},"end":{"line":126,"column":3}},"type":"switch","locations":[{"start":{"line":68,"column":4},"end":{"line":82,"column":5}},{"start":{"line":83,"column":4},"end":{"line":125,"column":5}}],"line":67},"7":{"loc":{"start":{"line":69,"column":6},"end":{"line":80,"column":7}},"type":"if","locations":[{"start":{"line":69,"column":6},"end":{"line":80,"column":7}},{"start":{"line":69,"column":6},"end":{"line":80,"column":7}}],"line":69},"8":{"loc":{"start":{"line":70,"column":8},"end":{"line":73,"column":9}},"type":"if","locations":[{"start":{"line":70,"column":8},"end":{"line":73,"column":9}},{"start":{"line":70,"column":8},"end":{"line":73,"column":9}}],"line":70},"9":{"loc":{"start":{"line":77,"column":8},"end":{"line":79,"column":9}},"type":"if","locations":[{"start":{"line":77,"column":8},"end":{"line":79,"column":9}},{"start":{"line":77,"column":8},"end":{"line":79,"column":9}}],"line":77},"10":{"loc":{"start":{"line":83,"column":9},"end":{"line":83,"column":39}},"type":"binary-expr","locations":[{"start":{"line":83,"column":9},"end":{"line":83,"column":21}},{"start":{"line":83,"column":25},"end":{"line":83,"column":39}}],"line":83},"11":{"loc":{"start":{"line":84,"column":6},"end":{"line":123,"column":7}},"type":"if","locations":[{"start":{"line":84,"column":6},"end":{"line":123,"column":7}},{"start":{"line":84,"column":6},"end":{"line":123,"column":7}}],"line":84},"12":{"loc":{"start":{"line":85,"column":8},"end":{"line":103,"column":9}},"type":"if","locations":[{"start":{"line":85,"column":8},"end":{"line":103,"column":9}},{"start":{"line":85,"column":8},"end":{"line":103,"column":9}}],"line":85},"13":{"loc":{"start":{"line":96,"column":12},"end":{"line":100,"column":13}},"type":"if","locations":[{"start":{"line":96,"column":12},"end":{"line":100,"column":13}},{"start":{"line":96,"column":12},"end":{"line":100,"column":13}}],"line":96},"14":{"loc":{"start":{"line":111,"column":12},"end":{"line":113,"column":13}},"type":"if","locations":[{"start":{"line":111,"column":12},"end":{"line":113,"column":13}},{"start":{"line":111,"column":12},"end":{"line":113,"column":13}}],"line":111},"15":{"loc":{"start":{"line":115,"column":12},"end":{"line":119,"column":13}},"type":"if","locations":[{"start":{"line":115,"column":12},"end":{"line":119,"column":13}},{"start":{"line":115,"column":12},"end":{"line":119,"column":13}}],"line":115},"16":{"loc":{"start":{"line":183,"column":2},"end":{"line":187,"column":3}},"type":"if","locations":[{"start":{"line":183,"column":2},"end":{"line":187,"column":3}},{"start":{"line":183,"column":2},"end":{"line":187,"column":3}}],"line":183},"17":{"loc":{"start":{"line":183,"column":6},"end":{"line":183,"column":25}},"type":"binary-expr","locations":[{"start":{"line":183,"column":6},"end":{"line":183,"column":13}},{"start":{"line":183,"column":17},"end":{"line":183,"column":25}}],"line":183},"18":{"loc":{"start":{"line":198,"column":2},"end":{"line":202,"column":3}},"type":"if","locations":[{"start":{"line":198,"column":2},"end":{"line":202,"column":3}},{"start":{"line":198,"column":2},"end":{"line":202,"column":3}}],"line":198},"19":{"loc":{"start":{"line":214,"column":2},"end":{"line":218,"column":3}},"type":"if","locations":[{"start":{"line":214,"column":2},"end":{"line":218,"column":3}},{"start":{"line":214,"column":2},"end":{"line":218,"column":3}}],"line":214},"20":{"loc":{"start":{"line":215,"column":4},"end":{"line":215,"column":37}},"type":"if","locations":[{"start":{"line":215,"column":4},"end":{"line":215,"column":37}},{"start":{"line":215,"column":4},"end":{"line":215,"column":37}}],"line":215},"21":{"loc":{"start":{"line":217,"column":4},"end":{"line":217,"column":35}},"type":"if","locations":[{"start":{"line":217,"column":4},"end":{"line":217,"column":35}},{"start":{"line":217,"column":4},"end":{"line":217,"column":35}}],"line":217},"22":{"loc":{"start":{"line":228,"column":2},"end":{"line":232,"column":3}},"type":"if","locations":[{"start":{"line":228,"column":2},"end":{"line":232,"column":3}},{"start":{"line":228,"column":2},"end":{"line":232,"column":3}}],"line":228},"23":{"loc":{"start":{"line":244,"column":22},"end":{"line":244,"column":28}},"type":"default-arg","locations":[{"start":{"line":244,"column":26},"end":{"line":244,"column":28}}],"line":244},"24":{"loc":{"start":{"line":244,"column":30},"end":{"line":244,"column":57}},"type":"default-arg","locations":[{"start":{"line":244,"column":38},"end":{"line":244,"column":57}}],"line":244},"25":{"loc":{"start":{"line":245,"column":2},"end":{"line":249,"column":3}},"type":"if","locations":[{"start":{"line":245,"column":2},"end":{"line":249,"column":3}},{"start":{"line":245,"column":2},"end":{"line":249,"column":3}}],"line":245},"26":{"loc":{"start":{"line":245,"column":8},"end":{"line":245,"column":27}},"type":"binary-expr","locations":[{"start":{"line":245,"column":8},"end":{"line":245,"column":15}},{"start":{"line":245,"column":19},"end":{"line":245,"column":27}}],"line":245},"27":{"loc":{"start":{"line":261,"column":31},"end":{"line":261,"column":37}},"type":"default-arg","locations":[{"start":{"line":261,"column":35},"end":{"line":261,"column":37}}],"line":261},"28":{"loc":{"start":{"line":261,"column":39},"end":{"line":261,"column":66}},"type":"default-arg","locations":[{"start":{"line":261,"column":47},"end":{"line":261,"column":66}}],"line":261},"29":{"loc":{"start":{"line":262,"column":2},"end":{"line":266,"column":3}},"type":"if","locations":[{"start":{"line":262,"column":2},"end":{"line":266,"column":3}},{"start":{"line":262,"column":2},"end":{"line":266,"column":3}}],"line":262},"30":{"loc":{"start":{"line":262,"column":8},"end":{"line":262,"column":27}},"type":"binary-expr","locations":[{"start":{"line":262,"column":8},"end":{"line":262,"column":15}},{"start":{"line":262,"column":19},"end":{"line":262,"column":27}}],"line":262},"31":{"loc":{"start":{"line":362,"column":2},"end":{"line":368,"column":3}},"type":"if","locations":[{"start":{"line":362,"column":2},"end":{"line":368,"column":3}},{"start":{"line":362,"column":2},"end":{"line":368,"column":3}}],"line":362},"32":{"loc":{"start":{"line":362,"column":6},"end":{"line":362,"column":37}},"type":"binary-expr","locations":[{"start":{"line":362,"column":6},"end":{"line":362,"column":17}},{"start":{"line":362,"column":21},"end":{"line":362,"column":37}}],"line":362}},"s":{"0":12,"1":12,"2":0,"3":12,"4":0,"5":0,"6":0,"7":12,"8":3,"9":3,"10":1,"11":1,"12":2,"13":2,"14":1,"15":1,"16":1,"17":0,"18":1,"19":0,"20":0,"21":0,"22":0,"23":0,"24":0,"25":0,"26":0,"27":0,"28":0,"29":0,"30":0,"31":0,"32":0,"33":0,"34":0,"35":0,"36":0,"37":0,"38":0,"39":0,"40":0,"41":0,"42":0,"43":0,"44":0,"45":0,"46":0,"47":1,"48":7,"49":7,"50":7,"51":7,"52":7,"53":0,"54":7,"55":2,"56":0,"57":2,"58":2,"59":2,"60":1,"61":0,"62":0,"63":2,"64":0,"65":2,"66":1,"67":1,"68":1,"69":1,"70":1,"71":1,"72":1,"73":1,"74":0,"75":0,"76":0,"77":0,"78":0,"79":0,"80":0,"81":0,"82":0,"83":0,"84":0,"85":0,"86":0,"87":0,"88":0,"89":0},"f":{"0":0,"1":12,"2":3,"3":3,"4":1,"5":0,"6":0,"7":0,"8":7,"9":7,"10":7,"11":7,"12":7,"13":2,"14":2,"15":2,"16":1,"17":1,"18":0,"19":0,"20":0,"21":0,"22":0,"23":0,"24":0,"25":0,"26":0,"27":0,"28":0,"29":0,"30":0,"31":0,"32":0},"b":{"0":[0,12],"1":[0,12],"2":[12,12,12,0],"3":[0],"4":[1,2],"5":[0,1],"6":[0,0],"7":[0,0],"8":[0,0],"9":[0,0],"10":[1,0],"11":[0,0],"12":[0,0],"13":[0,0],"14":[0,0],"15":[0,0],"16":[0,7],"17":[7,7],"18":[0,2],"19":[2,0],"20":[1,1],"21":[0,0],"22":[0,2],"23":[0],"24":[0],"25":[1,0],"26":[1,1],"27":[0],"28":[0],"29":[1,0],"30":[1,1],"31":[0,0],"32":[0,0]},"_coverageSchema":"1a1c01bbd47fc00a2c39e90264f33305004495a9","hash":"77dcacdb35c828890cead2b68e1fba17f6397a27"}
,"/Users/user/htdocs/mohwa/seogi/src/utils.js": {"path":"/Users/user/htdocs/mohwa/seogi/src/utils.js","statementMap":{"0":{"start":{"line":7,"column":20},"end":{"line":7,"column":34}},"1":{"start":{"line":9,"column":2},"end":{"line":9,"column":52}},"2":{"start":{"line":13,"column":24},"end":{"line":13,"column":40}},"3":{"start":{"line":15,"column":17},"end":{"line":15,"column":47}},"4":{"start":{"line":16,"column":17},"end":{"line":16,"column":51}},"5":{"start":{"line":18,"column":2},"end":{"line":18,"column":26}},"6":{"start":{"line":22,"column":14},"end":{"line":22,"column":25}},"7":{"start":{"line":24,"column":2},"end":{"line":24,"column":32}},"8":{"start":{"line":25,"column":2},"end":{"line":25,"column":16}},"9":{"start":{"line":27,"column":2},"end":{"line":27,"column":13}},"10":{"start":{"line":31,"column":2},"end":{"line":31,"column":27}},"11":{"start":{"line":32,"column":2},"end":{"line":32,"column":25}},"12":{"start":{"line":33,"column":2},"end":{"line":33,"column":24}},"13":{"start":{"line":34,"column":2},"end":{"line":34,"column":18}},"14":{"start":{"line":35,"column":2},"end":{"line":35,"column":24}},"15":{"start":{"line":39,"column":2},"end":{"line":43,"column":3}},"16":{"start":{"line":40,"column":4},"end":{"line":40,"column":20}},"17":{"start":{"line":42,"column":4},"end":{"line":42,"column":17}},"18":{"start":{"line":47,"column":2},"end":{"line":62,"column":3}},"19":{"start":{"line":48,"column":4},"end":{"line":60,"column":5}},"20":{"start":{"line":49,"column":6},"end":{"line":58,"column":7}},"21":{"start":{"line":50,"column":30},"end":{"line":50,"column":46}},"22":{"start":{"line":52,"column":8},"end":{"line":54,"column":9}},"23":{"start":{"line":53,"column":10},"end":{"line":53,"column":50}},"24":{"start":{"line":55,"column":24},"end":{"line":55,"column":60}},"25":{"start":{"line":57,"column":8},"end":{"line":57,"column":39}},"26":{"start":{"line":59,"column":6},"end":{"line":59,"column":18}},"27":{"start":{"line":61,"column":4},"end":{"line":61,"column":17}},"28":{"start":{"line":63,"column":2},"end":{"line":63,"column":15}},"29":{"start":{"line":67,"column":2},"end":{"line":67,"column":41}},"30":{"start":{"line":73,"column":2},"end":{"line":123,"column":5}},"31":{"start":{"line":74,"column":14},"end":{"line":74,"column":22}},"32":{"start":{"line":76,"column":4},"end":{"line":122,"column":5}},"33":{"start":{"line":78,"column":8},"end":{"line":80,"column":9}},"34":{"start":{"line":79,"column":10},"end":{"line":79,"column":31}},"35":{"start":{"line":81,"column":8},"end":{"line":81,"column":14}},"36":{"start":{"line":84,"column":8},"end":{"line":86,"column":9}},"37":{"start":{"line":85,"column":10},"end":{"line":85,"column":31}},"38":{"start":{"line":87,"column":8},"end":{"line":87,"column":14}},"39":{"start":{"line":90,"column":8},"end":{"line":92,"column":9}},"40":{"start":{"line":91,"column":10},"end":{"line":91,"column":41}},"41":{"start":{"line":93,"column":8},"end":{"line":95,"column":9}},"42":{"start":{"line":94,"column":10},"end":{"line":94,"column":45}},"43":{"start":{"line":96,"column":8},"end":{"line":96,"column":14}},"44":{"start":{"line":99,"column":8},"end":{"line":101,"column":9}},"45":{"start":{"line":100,"column":10},"end":{"line":100,"column":31}},"46":{"start":{"line":102,"column":8},"end":{"line":102,"column":14}},"47":{"start":{"line":105,"column":26},"end":{"line":105,"column":40}},"48":{"start":{"line":107,"column":8},"end":{"line":111,"column":9}},"49":{"start":{"line":108,"column":10},"end":{"line":108,"column":52}},"50":{"start":{"line":110,"column":10},"end":{"line":110,"column":46}},"51":{"start":{"line":112,"column":8},"end":{"line":112,"column":14}},"52":{"start":{"line":115,"column":8},"end":{"line":119,"column":9}},"53":{"start":{"line":116,"column":10},"end":{"line":116,"column":55}},"54":{"start":{"line":118,"column":10},"end":{"line":118,"column":31}},"55":{"start":{"line":120,"column":8},"end":{"line":120,"column":14}},"56":{"start":{"line":125,"column":2},"end":{"line":127,"column":3}},"57":{"start":{"line":126,"column":4},"end":{"line":126,"column":19}},"58":{"start":{"line":131,"column":2},"end":{"line":140,"column":15}},"59":{"start":{"line":133,"column":17},"end":{"line":133,"column":59}},"60":{"start":{"line":134,"column":16},"end":{"line":134,"column":24}},"61":{"start":{"line":136,"column":6},"end":{"line":136,"column":29}},"62":{"start":{"line":138,"column":6},"end":{"line":138,"column":17}},"63":{"start":{"line":144,"column":2},"end":{"line":144,"column":55}},"64":{"start":{"line":147,"column":24},"end":{"line":147,"column":26}},"65":{"start":{"line":149,"column":2},"end":{"line":171,"column":5}},"66":{"start":{"line":150,"column":18},"end":{"line":150,"column":40}},"67":{"start":{"line":152,"column":4},"end":{"line":155,"column":5}},"68":{"start":{"line":153,"column":6},"end":{"line":153,"column":27}},"69":{"start":{"line":154,"column":6},"end":{"line":154,"column":13}},"70":{"start":{"line":156,"column":4},"end":{"line":156,"column":25}},"71":{"start":{"line":158,"column":17},"end":{"line":169,"column":5}},"72":{"start":{"line":159,"column":29},"end":{"line":159,"column":35}},"73":{"start":{"line":161,"column":6},"end":{"line":168,"column":9}},"74":{"start":{"line":162,"column":8},"end":{"line":162,"column":19}},"75":{"start":{"line":163,"column":8},"end":{"line":163,"column":25}},"76":{"start":{"line":165,"column":8},"end":{"line":167,"column":9}},"77":{"start":{"line":166,"column":10},"end":{"line":166,"column":28}},"78":{"start":{"line":170,"column":4},"end":{"line":170,"column":16}},"79":{"start":{"line":175,"column":2},"end":{"line":199,"column":5}},"80":{"start":{"line":176,"column":19},"end":{"line":176,"column":51}},"81":{"start":{"line":177,"column":16},"end":{"line":177,"column":39}},"82":{"start":{"line":178,"column":16},"end":{"line":178,"column":36}},"83":{"start":{"line":180,"column":4},"end":{"line":194,"column":7}},"84":{"start":{"line":181,"column":6},"end":{"line":181,"column":31}},"85":{"start":{"line":182,"column":6},"end":{"line":182,"column":33}},"86":{"start":{"line":184,"column":6},"end":{"line":184,"column":31}},"87":{"start":{"line":185,"column":6},"end":{"line":185,"column":45}},"88":{"start":{"line":187,"column":21},"end":{"line":187,"column":39}},"89":{"start":{"line":189,"column":6},"end":{"line":193,"column":9}},"90":{"start":{"line":196,"column":4},"end":{"line":198,"column":7}},"91":{"start":{"line":197,"column":6},"end":{"line":197,"column":16}}},"fnMap":{"0":{"name":"toColorName","decl":{"start":{"line":6,"column":9},"end":{"line":6,"column":20}},"loc":{"start":{"line":6,"column":24},"end":{"line":10,"column":1}},"line":6},"1":{"name":"_isIE","decl":{"start":{"line":12,"column":9},"end":{"line":12,"column":14}},"loc":{"start":{"line":12,"column":17},"end":{"line":19,"column":1}},"line":12},"2":{"name":"getImageElement","decl":{"start":{"line":21,"column":9},"end":{"line":21,"column":24}},"loc":{"start":{"line":21,"column":30},"end":{"line":28,"column":1}},"line":21},"3":{"name":"drawText","decl":{"start":{"line":30,"column":9},"end":{"line":30,"column":17}},"loc":{"start":{"line":30,"column":45},"end":{"line":36,"column":1}},"line":30},"4":{"name":"isBrowser","decl":{"start":{"line":38,"column":16},"end":{"line":38,"column":25}},"loc":{"start":{"line":38,"column":28},"end":{"line":44,"column":1}},"line":38},"5":{"name":"isIE","decl":{"start":{"line":46,"column":16},"end":{"line":46,"column":20}},"loc":{"start":{"line":46,"column":24},"end":{"line":64,"column":1}},"line":46},"6":{"name":"isIE9ToIE11","decl":{"start":{"line":66,"column":16},"end":{"line":66,"column":27}},"loc":{"start":{"line":66,"column":30},"end":{"line":68,"column":1}},"line":66},"7":{"name":"getCreatorColorsMsg","decl":{"start":{"line":70,"column":16},"end":{"line":70,"column":35}},"loc":{"start":{"line":70,"column":43},"end":{"line":128,"column":1}},"line":70},"8":{"name":"(anonymous_8)","decl":{"start":{"line":73,"column":25},"end":{"line":73,"column":26}},"loc":{"start":{"line":73,"column":30},"end":{"line":123,"column":3}},"line":73},"9":{"name":"getStyleInfo","decl":{"start":{"line":130,"column":16},"end":{"line":130,"column":28}},"loc":{"start":{"line":130,"column":41},"end":{"line":141,"column":1}},"line":130},"10":{"name":"(anonymous_10)","decl":{"start":{"line":132,"column":12},"end":{"line":132,"column":13}},"loc":{"start":{"line":132,"column":24},"end":{"line":139,"column":5}},"line":132},"11":{"name":"supportsCanvas","decl":{"start":{"line":143,"column":16},"end":{"line":143,"column":30}},"loc":{"start":{"line":143,"column":33},"end":{"line":145,"column":1}},"line":143},"12":{"name":"asyncToSync","decl":{"start":{"line":148,"column":16},"end":{"line":148,"column":27}},"loc":{"start":{"line":148,"column":31},"end":{"line":172,"column":1}},"line":148},"13":{"name":"(anonymous_13)","decl":{"start":{"line":149,"column":21},"end":{"line":149,"column":22}},"loc":{"start":{"line":149,"column":42},"end":{"line":171,"column":3}},"line":149},"14":{"name":"(anonymous_14)","decl":{"start":{"line":158,"column":17},"end":{"line":158,"column":18}},"loc":{"start":{"line":158,"column":27},"end":{"line":169,"column":5}},"line":158},"15":{"name":"(anonymous_15)","decl":{"start":{"line":161,"column":13},"end":{"line":161,"column":14}},"loc":{"start":{"line":161,"column":18},"end":{"line":168,"column":7}},"line":161},"16":{"name":"getImageMsg","decl":{"start":{"line":174,"column":16},"end":{"line":174,"column":27}},"loc":{"start":{"line":174,"column":92},"end":{"line":200,"column":1}},"line":174},"17":{"name":"(anonymous_17)","decl":{"start":{"line":175,"column":21},"end":{"line":175,"column":22}},"loc":{"start":{"line":175,"column":42},"end":{"line":199,"column":3}},"line":175},"18":{"name":"(anonymous_18)","decl":{"start":{"line":180,"column":33},"end":{"line":180,"column":34}},"loc":{"start":{"line":180,"column":39},"end":{"line":194,"column":5}},"line":180},"19":{"name":"(anonymous_19)","decl":{"start":{"line":196,"column":34},"end":{"line":196,"column":35}},"loc":{"start":{"line":196,"column":39},"end":{"line":198,"column":5}},"line":196}},"branchMap":{"0":{"loc":{"start":{"line":18,"column":9},"end":{"line":18,"column":25}},"type":"binary-expr","locations":[{"start":{"line":18,"column":9},"end":{"line":18,"column":15}},{"start":{"line":18,"column":19},"end":{"line":18,"column":25}}],"line":18},"1":{"loc":{"start":{"line":47,"column":2},"end":{"line":62,"column":3}},"type":"if","locations":[{"start":{"line":47,"column":2},"end":{"line":62,"column":3}},{"start":{"line":47,"column":2},"end":{"line":62,"column":3}}],"line":47},"2":{"loc":{"start":{"line":48,"column":4},"end":{"line":60,"column":5}},"type":"if","locations":[{"start":{"line":48,"column":4},"end":{"line":60,"column":5}},{"start":{"line":48,"column":4},"end":{"line":60,"column":5}}],"line":48},"3":{"loc":{"start":{"line":49,"column":6},"end":{"line":58,"column":7}},"type":"if","locations":[{"start":{"line":49,"column":6},"end":{"line":58,"column":7}},{"start":{"line":49,"column":6},"end":{"line":58,"column":7}}],"line":49},"4":{"loc":{"start":{"line":52,"column":8},"end":{"line":54,"column":9}},"type":"if","locations":[{"start":{"line":52,"column":8},"end":{"line":54,"column":9}},{"start":{"line":52,"column":8},"end":{"line":54,"column":9}}],"line":52},"5":{"loc":{"start":{"line":67,"column":9},"end":{"line":67,"column":40}},"type":"binary-expr","locations":[{"start":{"line":67,"column":9},"end":{"line":67,"column":16}},{"start":{"line":67,"column":20},"end":{"line":67,"column":28}},{"start":{"line":67,"column":32},"end":{"line":67,"column":40}}],"line":67},"6":{"loc":{"start":{"line":76,"column":4},"end":{"line":122,"column":5}},"type":"switch","locations":[{"start":{"line":77,"column":6},"end":{"line":82,"column":7}},{"start":{"line":83,"column":6},"end":{"line":88,"column":7}},{"start":{"line":89,"column":6},"end":{"line":97,"column":7}},{"start":{"line":98,"column":6},"end":{"line":103,"column":7}},{"start":{"line":104,"column":6},"end":{"line":113,"column":7}},{"start":{"line":114,"column":6},"end":{"line":121,"column":7}}],"line":76},"7":{"loc":{"start":{"line":78,"column":8},"end":{"line":80,"column":9}},"type":"if","locations":[{"start":{"line":78,"column":8},"end":{"line":80,"column":9}},{"start":{"line":78,"column":8},"end":{"line":80,"column":9}}],"line":78},"8":{"loc":{"start":{"line":84,"column":8},"end":{"line":86,"column":9}},"type":"if","locations":[{"start":{"line":84,"column":8},"end":{"line":86,"column":9}},{"start":{"line":84,"column":8},"end":{"line":86,"column":9}}],"line":84},"9":{"loc":{"start":{"line":90,"column":8},"end":{"line":92,"column":9}},"type":"if","locations":[{"start":{"line":90,"column":8},"end":{"line":92,"column":9}},{"start":{"line":90,"column":8},"end":{"line":92,"column":9}}],"line":90},"10":{"loc":{"start":{"line":93,"column":8},"end":{"line":95,"column":9}},"type":"if","locations":[{"start":{"line":93,"column":8},"end":{"line":95,"column":9}},{"start":{"line":93,"column":8},"end":{"line":95,"column":9}}],"line":93},"11":{"loc":{"start":{"line":99,"column":8},"end":{"line":101,"column":9}},"type":"if","locations":[{"start":{"line":99,"column":8},"end":{"line":101,"column":9}},{"start":{"line":99,"column":8},"end":{"line":101,"column":9}}],"line":99},"12":{"loc":{"start":{"line":107,"column":8},"end":{"line":111,"column":9}},"type":"if","locations":[{"start":{"line":107,"column":8},"end":{"line":111,"column":9}},{"start":{"line":107,"column":8},"end":{"line":111,"column":9}}],"line":107},"13":{"loc":{"start":{"line":115,"column":8},"end":{"line":119,"column":9}},"type":"if","locations":[{"start":{"line":115,"column":8},"end":{"line":119,"column":9}},{"start":{"line":115,"column":8},"end":{"line":119,"column":9}}],"line":115},"14":{"loc":{"start":{"line":125,"column":2},"end":{"line":127,"column":3}},"type":"if","locations":[{"start":{"line":125,"column":2},"end":{"line":127,"column":3}},{"start":{"line":125,"column":2},"end":{"line":127,"column":3}}],"line":125},"15":{"loc":{"start":{"line":130,"column":29},"end":{"line":130,"column":39}},"type":"default-arg","locations":[{"start":{"line":130,"column":37},"end":{"line":130,"column":39}}],"line":130},"16":{"loc":{"start":{"line":152,"column":4},"end":{"line":155,"column":5}},"type":"if","locations":[{"start":{"line":152,"column":4},"end":{"line":155,"column":5}},{"start":{"line":152,"column":4},"end":{"line":155,"column":5}}],"line":152},"17":{"loc":{"start":{"line":165,"column":8},"end":{"line":167,"column":9}},"type":"if","locations":[{"start":{"line":165,"column":8},"end":{"line":167,"column":9}},{"start":{"line":165,"column":8},"end":{"line":167,"column":9}}],"line":165},"18":{"loc":{"start":{"line":174,"column":33},"end":{"line":174,"column":90}},"type":"default-arg","locations":[{"start":{"line":174,"column":88},"end":{"line":174,"column":90}}],"line":174},"19":{"loc":{"start":{"line":174,"column":41},"end":{"line":174,"column":46}},"type":"default-arg","locations":[{"start":{"line":174,"column":45},"end":{"line":174,"column":46}}],"line":174},"20":{"loc":{"start":{"line":174,"column":48},"end":{"line":174,"column":53}},"type":"default-arg","locations":[{"start":{"line":174,"column":52},"end":{"line":174,"column":53}}],"line":174},"21":{"loc":{"start":{"line":174,"column":62},"end":{"line":174,"column":83}},"type":"default-arg","locations":[{"start":{"line":174,"column":69},"end":{"line":174,"column":83}}],"line":174}},"s":{"0":5,"1":5,"2":25,"3":25,"4":25,"5":25,"6":0,"7":0,"8":0,"9":0,"10":0,"11":0,"12":0,"13":0,"14":0,"15":48,"16":48,"17":0,"18":29,"19":28,"20":5,"21":4,"22":4,"23":1,"24":3,"25":3,"26":1,"27":23,"28":1,"29":0,"30":10,"31":12,"32":12,"33":1,"34":1,"35":1,"36":1,"37":1,"38":1,"39":2,"40":1,"41":2,"42":1,"43":2,"44":1,"45":1,"46":1,"47":2,"48":2,"49":1,"50":1,"51":2,"52":2,"53":1,"54":1,"55":2,"56":10,"57":9,"58":2,"59":3,"60":3,"61":3,"62":3,"63":0,"64":18,"65":0,"66":0,"67":0,"68":0,"69":0,"70":0,"71":0,"72":0,"73":0,"74":0,"75":0,"76":0,"77":0,"78":0,"79":0,"80":0,"81":0,"82":0,"83":0,"84":0,"85":0,"86":0,"87":0,"88":0,"89":0,"90":0,"91":0},"f":{"0":5,"1":25,"2":0,"3":0,"4":48,"5":29,"6":0,"7":10,"8":12,"9":2,"10":3,"11":0,"12":0,"13":0,"14":0,"15":0,"16":0,"17":0,"18":0,"19":0},"b":{"0":[25,24],"1":[28,1],"2":[5,23],"3":[4,1],"4":[1,3],"5":[0,0,0],"6":[1,1,2,1,2,2],"7":[1,0],"8":[1,0],"9":[1,1],"10":[1,1],"11":[1,0],"12":[1,1],"13":[1,1],"14":[9,1],"15":[0],"16":[0,0],"17":[0,0],"18":[0],"19":[0],"20":[0],"21":[0]},"_coverageSchema":"1a1c01bbd47fc00a2c39e90264f33305004495a9","hash":"1b80f291e2182085f2c5b7a5222ddc6711bf998f"}
,"/Users/user/htdocs/mohwa/seogi/tests/utils.js": {"path":"/Users/user/htdocs/mohwa/seogi/tests/utils.js","statementMap":{"0":{"start":{"line":1,"column":40},"end":{"line":7,"column":1}},"1":{"start":{"line":2,"column":14},"end":{"line":2,"column":49}},"2":{"start":{"line":3,"column":2},"end":{"line":6,"column":6}},"3":{"start":{"line":3,"column":32},"end":{"line":6,"column":3}},"4":{"start":{"line":9,"column":37},"end":{"line":12,"column":1}},"5":{"start":{"line":10,"column":14},"end":{"line":10,"column":49}},"6":{"start":{"line":11,"column":2},"end":{"line":11,"column":34}},"7":{"start":{"line":11,"column":31},"end":{"line":11,"column":32}}},"fnMap":{"0":{"name":"(anonymous_0)","decl":{"start":{"line":1,"column":40},"end":{"line":1,"column":41}},"loc":{"start":{"line":1,"column":52},"end":{"line":7,"column":1}},"line":1},"1":{"name":"(anonymous_1)","decl":{"start":{"line":3,"column":25},"end":{"line":3,"column":26}},"loc":{"start":{"line":3,"column":32},"end":{"line":6,"column":3}},"line":3},"2":{"name":"(anonymous_2)","decl":{"start":{"line":9,"column":37},"end":{"line":9,"column":38}},"loc":{"start":{"line":9,"column":42},"end":{"line":12,"column":1}},"line":9},"3":{"name":"(anonymous_3)","decl":{"start":{"line":11,"column":25},"end":{"line":11,"column":26}},"loc":{"start":{"line":11,"column":31},"end":{"line":11,"column":32}},"line":11}},"branchMap":{},"s":{"0":3,"1":0,"2":0,"3":0,"4":3,"5":9,"6":9,"7":9},"f":{"0":0,"1":0,"2":9,"3":9},"b":{},"_coverageSchema":"1a1c01bbd47fc00a2c39e90264f33305004495a9","hash":"77ec89d042d2171cee6feb5b133749f278c95a61"}
}
