TN:
SF:src/index.js
FN:27,(anonymous_0)
FN:32,hasConsoleLogObject
FN:36,report
FN:37,(anonymous_3)
FN:59,getStyleMsg
FN:87,(anonymous_5)
FN:93,(anonymous_6)
FN:106,(anonymous_7)
FN:137,log
FN:148,error
FN:159,warn
FN:170,info
FN:182,debug
FN:197,dir
FN:213,assert
FN:227,table
FN:244,group
FN:261,groupCollapsed
FN:279,groupLog
FN:280,(anonymous_19)
FN:292,groupTable
FN:293,(anonymous_21)
FN:305,groupDir
FN:306,(anonymous_23)
FN:319,groupCollapsedLog
FN:320,(anonymous_25)
FN:332,groupCollapsedTable
FN:333,(anonymous_27)
FN:345,groupCollapsedDir
FN:346,(anonymous_29)
FN:361,image
FN:364,(anonymous_31)
FN:367,(anonymous_32)
FNF:33
FNH:14
FNDA:0,(anonymous_0)
FNDA:12,hasConsoleLogObject
FNDA:3,report
FNDA:3,(anonymous_3)
FNDA:1,getStyleMsg
FNDA:0,(anonymous_5)
FNDA:0,(anonymous_6)
FNDA:0,(anonymous_7)
FNDA:7,log
FNDA:7,error
FNDA:7,warn
FNDA:7,info
FNDA:7,debug
FNDA:2,dir
FNDA:2,assert
FNDA:2,table
FNDA:1,group
FNDA:1,groupCollapsed
FNDA:0,groupLog
FNDA:0,(anonymous_19)
FNDA:0,groupTable
FNDA:0,(anonymous_21)
FNDA:0,groupDir
FNDA:0,(anonymous_23)
FNDA:0,groupCollapsedLog
FNDA:0,(anonymous_25)
FNDA:0,groupCollapsedTable
FNDA:0,(anonymous_27)
FNDA:0,groupCollapsedDir
FNDA:0,(anonymous_29)
FNDA:0,image
FNDA:0,(anonymous_31)
FNDA:0,(anonymous_32)
DA:16,12
DA:20,12
DA:21,0
DA:24,12
DA:25,0
DA:27,0
DA:28,0
DA:33,12
DA:37,3
DA:38,3
DA:40,1
DA:41,1
DA:44,2
DA:45,2
DA:60,1
DA:61,1
DA:63,1
DA:64,0
DA:67,1
DA:69,0
DA:70,0
DA:71,0
DA:72,0
DA:75,0
DA:77,0
DA:78,0
DA:81,0
DA:84,0
DA:85,0
DA:86,0
DA:88,0
DA:89,0
DA:93,0
DA:94,0
DA:96,0
DA:97,0
DA:99,0
DA:101,0
DA:105,0
DA:107,0
DA:111,0
DA:112,0
DA:115,0
DA:116,0
DA:118,0
DA:120,0
DA:124,0
DA:127,1
DA:138,7
DA:149,7
DA:160,7
DA:171,7
DA:183,7
DA:184,0
DA:186,7
DA:198,2
DA:199,0
DA:201,2
DA:214,2
DA:215,2
DA:217,0
DA:228,2
DA:229,0
DA:231,2
DA:245,1
DA:246,1
DA:247,1
DA:248,1
DA:262,1
DA:263,1
DA:264,1
DA:265,1
DA:280,0
DA:293,0
DA:306,0
DA:320,0
DA:333,0
DA:346,0
DA:362,0
DA:363,0
DA:365,0
DA:367,0
LF:82
LH:35
BRDA:20,0,0,0
BRDA:20,0,1,12
BRDA:24,1,0,0
BRDA:24,1,1,12
BRDA:24,2,0,12
BRDA:24,2,1,12
BRDA:24,2,2,12
BRDA:24,2,3,0
BRDA:36,3,0,0
BRDA:38,4,0,1
BRDA:38,4,1,2
BRDA:63,5,0,0
BRDA:63,5,1,1
BRDA:67,6,0,0
BRDA:67,6,1,0
BRDA:69,7,0,0
BRDA:69,7,1,0
BRDA:70,8,0,0
BRDA:70,8,1,0
BRDA:77,9,0,0
BRDA:77,9,1,0
BRDA:83,10,0,1
BRDA:83,10,1,0
BRDA:84,11,0,0
BRDA:84,11,1,0
BRDA:85,12,0,0
BRDA:85,12,1,0
BRDA:96,13,0,0
BRDA:96,13,1,0
BRDA:111,14,0,0
BRDA:111,14,1,0
BRDA:115,15,0,0
BRDA:115,15,1,0
BRDA:183,16,0,0
BRDA:183,16,1,7
BRDA:183,17,0,7
BRDA:183,17,1,7
BRDA:198,18,0,0
BRDA:198,18,1,2
BRDA:214,19,0,2
BRDA:214,19,1,0
BRDA:215,20,0,1
BRDA:215,20,1,1
BRDA:217,21,0,0
BRDA:217,21,1,0
BRDA:228,22,0,0
BRDA:228,22,1,2
BRDA:244,23,0,0
BRDA:244,24,0,0
BRDA:245,25,0,1
BRDA:245,25,1,0
BRDA:245,26,0,1
BRDA:245,26,1,1
BRDA:261,27,0,0
BRDA:261,28,0,0
BRDA:262,29,0,1
BRDA:262,29,1,0
BRDA:262,30,0,1
BRDA:262,30,1,1
BRDA:362,31,0,0
BRDA:362,31,1,0
BRDA:362,32,0,0
BRDA:362,32,1,0
BRF:63
BRH:23
end_of_record
TN:
SF:src/utils.js
FN:6,toColorName
FN:12,_isIE
FN:21,getImageElement
FN:30,drawText
FN:38,isBrowser
FN:46,isIE
FN:66,isIE9ToIE11
FN:70,getCreatorColorsMsg
FN:73,(anonymous_8)
FN:130,getStyleInfo
FN:132,(anonymous_10)
FN:143,supportsCanvas
FN:148,asyncToSync
FN:149,(anonymous_13)
FN:158,(anonymous_14)
FN:161,(anonymous_15)
FN:174,getImageMsg
FN:175,(anonymous_17)
FN:180,(anonymous_18)
FN:196,(anonymous_19)
FNF:20
FNH:8
FNDA:5,toColorName
FNDA:25,_isIE
FNDA:0,getImageElement
FNDA:0,drawText
FNDA:48,isBrowser
FNDA:29,isIE
FNDA:0,isIE9ToIE11
FNDA:10,getCreatorColorsMsg
FNDA:12,(anonymous_8)
FNDA:2,getStyleInfo
FNDA:3,(anonymous_10)
FNDA:0,supportsCanvas
FNDA:0,asyncToSync
FNDA:0,(anonymous_13)
FNDA:0,(anonymous_14)
FNDA:0,(anonymous_15)
FNDA:0,getImageMsg
FNDA:0,(anonymous_17)
FNDA:0,(anonymous_18)
FNDA:0,(anonymous_19)
DA:7,5
DA:9,5
DA:13,25
DA:15,25
DA:16,25
DA:18,25
DA:22,0
DA:24,0
DA:25,0
DA:27,0
DA:31,0
DA:32,0
DA:33,0
DA:34,0
DA:35,0
DA:39,48
DA:40,48
DA:42,0
DA:47,29
DA:48,28
DA:49,5
DA:50,4
DA:52,4
DA:53,1
DA:55,3
DA:57,3
DA:59,1
DA:61,23
DA:63,1
DA:67,0
DA:73,10
DA:74,12
DA:76,12
DA:78,1
DA:79,1
DA:81,1
DA:84,1
DA:85,1
DA:87,1
DA:90,2
DA:91,1
DA:93,2
DA:94,1
DA:96,2
DA:99,1
DA:100,1
DA:102,1
DA:105,2
DA:107,2
DA:108,1
DA:110,1
DA:112,2
DA:115,2
DA:116,1
DA:118,1
DA:120,2
DA:125,10
DA:126,9
DA:131,2
DA:133,3
DA:134,3
DA:136,3
DA:138,3
DA:144,0
DA:147,18
DA:149,0
DA:150,0
DA:152,0
DA:153,0
DA:154,0
DA:156,0
DA:158,0
DA:159,0
DA:161,0
DA:162,0
DA:163,0
DA:165,0
DA:166,0
DA:170,0
DA:175,0
DA:176,0
DA:177,0
DA:178,0
DA:180,0
DA:181,0
DA:182,0
DA:184,0
DA:185,0
DA:187,0
DA:189,0
DA:196,0
DA:197,0
LF:92
LH:53
BRDA:18,0,0,25
BRDA:18,0,1,24
BRDA:47,1,0,28
BRDA:47,1,1,1
BRDA:48,2,0,5
BRDA:48,2,1,23
BRDA:49,3,0,4
BRDA:49,3,1,1
BRDA:52,4,0,1
BRDA:52,4,1,3
BRDA:67,5,0,0
BRDA:67,5,1,0
BRDA:67,5,2,0
BRDA:76,6,0,1
BRDA:76,6,1,1
BRDA:76,6,2,2
BRDA:76,6,3,1
BRDA:76,6,4,2
BRDA:76,6,5,2
BRDA:78,7,0,1
BRDA:78,7,1,0
BRDA:84,8,0,1
BRDA:84,8,1,0
BRDA:90,9,0,1
BRDA:90,9,1,1
BRDA:93,10,0,1
BRDA:93,10,1,1
BRDA:99,11,0,1
BRDA:99,11,1,0
BRDA:107,12,0,1
BRDA:107,12,1,1
BRDA:115,13,0,1
BRDA:115,13,1,1
BRDA:125,14,0,9
BRDA:125,14,1,1
BRDA:130,15,0,0
BRDA:152,16,0,0
BRDA:152,16,1,0
BRDA:165,17,0,0
BRDA:165,17,1,0
BRDA:174,18,0,0
BRDA:174,19,0,0
BRDA:174,20,0,0
BRDA:174,21,0,0
BRF:44
BRH:29
end_of_record
TN:
SF:tests/utils.js
FN:1,(anonymous_0)
FN:3,(anonymous_1)
FN:9,(anonymous_2)
FN:11,(anonymous_3)
FNF:4
FNH:2
FNDA:0,(anonymous_0)
FNDA:0,(anonymous_1)
FNDA:9,(anonymous_2)
FNDA:9,(anonymous_3)
DA:1,3
DA:2,0
DA:3,0
DA:9,3
DA:10,9
DA:11,9
LF:6
LH:4
BRF:0
BRH:0
end_of_record
